#-----------------------------------------------------------
# Vivado v2019.2 (64-bit)
# SW Build 2708876 on Wed Nov  6 21:40:23 MST 2019
# IP Build 2700528 on Thu Nov  7 00:09:20 MST 2019
# Start of session at: Fri Nov 21 16:18:13 2025
# Process ID: 43712
# Current directory: D:/FPGA/Vivaldo Project/PUCCH FORMAT 0/PUCCH-FORMAT-0/OFDM_Demodulation/OFDM_Demodulation/ofdm_demodulation_pre_fft/ofdm_demodulation_pre_fft
# Command line: vivado.exe -gui_launcher_event rodinguilauncherevent7696 D:\FPGA\Vivaldo Project\PUCCH FORMAT 0\PUCCH-FORMAT-0\OFDM_Demodulation\OFDM_Demodulation\ofdm_demodulation_pre_fft\ofdm_demodulation_pre_fft\project_1.xpr
# Log file: D:/FPGA/Vivaldo Project/PUCCH FORMAT 0/PUCCH-FORMAT-0/OFDM_Demodulation/OFDM_Demodulation/ofdm_demodulation_pre_fft/ofdm_demodulation_pre_fft/vivado.log
# Journal file: D:/FPGA/Vivaldo Project/PUCCH FORMAT 0/PUCCH-FORMAT-0/OFDM_Demodulation/OFDM_Demodulation/ofdm_demodulation_pre_fft/ofdm_demodulation_pre_fft\vivado.jou
#-----------------------------------------------------------
start_gui
open_project {D:/FPGA/Vivaldo Project/PUCCH FORMAT 0/PUCCH-FORMAT-0/OFDM_Demodulation/OFDM_Demodulation/ofdm_demodulation_pre_fft/ofdm_demodulation_pre_fft/project_1.xpr}
INFO: [ProjectBase 1-489] The host OS only allows 260 characters in a normal path. The project is stored in a path with more than 80 characters. If you experience issues with IP, Block Designs, or files not being found, please consider moving the project to a location with a shorter path. Alternately consider using the OS subst command to map part of the path to a drive letter.
Current project path is 'D:/FPGA/Vivaldo Project/PUCCH FORMAT 0/PUCCH-FORMAT-0/OFDM_Demodulation/OFDM_Demodulation/ofdm_demodulation_pre_fft/ofdm_demodulation_pre_fft'
CRITICAL WARNING: [Project 1-19] Could not find the file 'D:/fpga/vivaldo project/pucch format 0/pucch-format-0/ofdm_demodulation/ofdm_demodulation/ofdm_demodulation_pre_fft/ofdm_demodulation_pre_fft/component.xml'.
Scanning sources...
Finished scanning sources
WARNING: [filemgmt 56-3] IPUserFilesDir: Could not find the directory 'D:/FPGA/Vivaldo Project/PUCCH FORMAT 0/PUCCH-FORMAT-0/OFDM_Demodulation/OFDM_Demodulation/ofdm_demodulation_pre_fft/ofdm_demodulation_pre_fft/project_1.ip_user_files'.
INFO: [IP_Flow 19-234] Refreshing IP repositories
INFO: [IP_Flow 19-1700] Loaded user IP repository 'd:/FPGA/Vivaldo Project/PUCCH FORMAT 0/PUCCH-FORMAT-0/OFDM_Demodulation/OFDM_Demodulation/ctr_pre_fft'.
INFO: [IP_Flow 19-2313] Loaded Vivado IP repository 'D:/Xilinx/Vivado/2019.2/data/ip'.
open_project: Time (s): cpu = 00:00:13 ; elapsed = 00:00:06 . Memory (MB): peak = 913.453 ; gain = 216.578
update_compile_order -fileset sources_1
export_ip_user_files -of_objects  [get_files {{D:/fpga/vivaldo project/pucch format 0/pucch-format-0/ofdm_demodulation/ofdm_demodulation/ofdm_demodulation_pre_fft/ofdm_demodulation_pre_fft/component.xml}}] -no_script -reset -force -quiet
remove_files  {{D:/fpga/vivaldo project/pucch format 0/pucch-format-0/ofdm_demodulation/ofdm_demodulation/ofdm_demodulation_pre_fft/ofdm_demodulation_pre_fft/component.xml}}
ipx::package_project -root_dir {d:/fpga/vivaldo project/pucch format 0/pucch-format-0/ofdm_demodulation/ofdm_demodulation/ofdm_demodulation_pre_fft/ofdm_demodulation_pre_fft} -vendor xilinx.com -library user -taxonomy /UserIP
WARNING: [IP_Flow 19-4963] xfft_0 has board value specified. The packaged IP will be restricted to usage with board 'xilinx.com:vcu108:part0:1.6'
INFO: [IP_Flow 19-5107] Inferred bus interface 'rst' of definition 'xilinx.com:signal:reset:1.0' (from Xilinx Repository).
INFO: [IP_Flow 19-5107] Inferred bus interface 'clk' of definition 'xilinx.com:signal:clock:1.0' (from Xilinx Repository).
INFO: [IP_Flow 19-4728] Bus Interface 'clk': Added interface parameter 'ASSOCIATED_RESET' with value 'rst'.
WARNING: [IP_Flow 19-3153] Bus Interface 'clk': ASSOCIATED_BUSIF bus parameter is missing.
INFO: [IP_Flow 19-2181] Payment Required is not set for this core.
INFO: [IP_Flow 19-2187] The Product Guide file is missing.
ipx::remove_bus_interface rst [ipx::current_core]
ipx::remove_bus_interface clk [ipx::current_core]
set_property core_revision 2 [ipx::current_core]
ipx::create_xgui_files [ipx::current_core]
ipx::update_checksums [ipx::current_core]
ipx::save_core [ipx::current_core]
set_property  ip_repo_paths  {{d:/fpga/vivaldo project/pucch format 0/pucch-format-0/ofdm_demodulation/ofdm_demodulation/ofdm_demodulation_pre_fft/ofdm_demodulation_pre_fft} {d:/FPGA/Vivaldo Project/PUCCH FORMAT 0/PUCCH-FORMAT-0/OFDM_Demodulation/OFDM_Demodulation/ctr_pre_fft}} [current_project]
update_ip_catalog
INFO: [IP_Flow 19-234] Refreshing IP repositories
INFO: [IP_Flow 19-1700] Loaded user IP repository 'd:/fpga/vivaldo project/pucch format 0/pucch-format-0/ofdm_demodulation/ofdm_demodulation/ofdm_demodulation_pre_fft/ofdm_demodulation_pre_fft'.
INFO: [IP_Flow 19-1700] Loaded user IP repository 'd:/FPGA/Vivaldo Project/PUCCH FORMAT 0/PUCCH-FORMAT-0/OFDM_Demodulation/OFDM_Demodulation/ctr_pre_fft'.
exit
INFO: [Common 17-206] Exiting Vivado at Fri Nov 21 16:20:10 2025...
