Copyright 1986-2019 Xilinx, Inc. All Rights Reserved.
------------------------------------------------------------------------------------
| Tool Version : Vivado v.2019.2 (win64) Build 2708876 Wed Nov  6 21:40:23 MST 2019
| Date         : Wed Nov 12 18:37:37 2025
| Host         : LAPTOP-CHCSI1R5 running 64-bit major release  (build 9200)
| Command      : upgrade_ip
| Device       : xcvu095-ffva2104-2-e
------------------------------------------------------------------------------------

Upgrade Log for IP 'ctr_fft_0'

1. Summary
----------

SUCCESS in the conversion of ctr_fft_0 (xilinx.com:user:ctr_fft:1.0 (Rev. 5)) to Vivado generation flows.






Copyright 1986-2019 Xilinx, Inc. All Rights Reserved.
------------------------------------------------------------------------------------
| Tool Version : Vivado v.2019.2 (win64) Build 2708876 Wed Nov  6 21:40:23 MST 2019
| Date         : Wed Nov 12 17:35:53 2025
| Host         : LAPTOP-CHCSI1R5 running 64-bit major release  (build 9200)
| Command      : upgrade_ip
| Device       : xcvu095-ffva2104-2-e
------------------------------------------------------------------------------------

Upgrade Log for IP 'ctr_fft_0'

1. Summary
----------

SUCCESS in the upgrade of ctr_fft_0 (xilinx.com:user:ctr_fft:1.0) from (Rev. 4) to (Rev. 5)






Copyright 1986-2019 Xilinx, Inc. All Rights Reserved.
------------------------------------------------------------------------------------
| Tool Version : Vivado v.2019.2 (win64) Build 2708876 Wed Nov  6 21:40:23 MST 2019
| Date         : Wed Nov 12 15:06:42 2025
| Host         : LAPTOP-CHCSI1R5 running 64-bit major release  (build 9200)
| Command      : upgrade_ip
| Device       : xcvu095-ffva2104-2-e
------------------------------------------------------------------------------------

Upgrade Log for IP 'ctr_fft_0'

1. Summary
----------

CAUTION (success, with warnings) in the upgrade of ctr_fft_0 (xilinx.com:user:ctr_fft:1.0) from (Rev. 2) to (Rev. 4)

After upgrade, an IP may have parameter and port differences compared to the original customization. Please review the parameters within the IP customization GUI to ensure proper functionality. Also, please review the updated IP instantiation template to ensure proper connectivity, and update your design if required.

2. Connection Warnings
----------------------

Detected external port differences while upgrading 'ctr_fft_0'. These changes may impact your design.


-Upgraded port 'i_trigger_cp' width 12 differs from original width 1

-Upgraded port 'o_trigger_cp' width 12 differs from original width 1







Copyright 1986-2019 Xilinx, Inc. All Rights Reserved.
------------------------------------------------------------------------------------
| Tool Version : Vivado v.2019.2 (win64) Build 2708876 Wed Nov  6 21:40:23 MST 2019
| Date         : Mon Nov 10 18:46:39 2025
| Host         : LAPTOP-CHCSI1R5 running 64-bit major release  (build 9200)
| Command      : upgrade_ip
| Device       : xcvu095-ffva2104-2-e
------------------------------------------------------------------------------------

Upgrade Log for IP 'ctr_fft_0'

1. Summary
----------

SUCCESS in the conversion of ctr_fft_0 (xilinx.com:user:ctr_fft:1.0 (Rev. 2)) to Vivado generation flows.

